{"traceEvents":[
{"pid":"2","tid":0,"ts":1605026158407181,"ph":"X","name":"CreateBuildDirectory /Users/thiago/Library/Developer/Xcode/DerivedData/Foo-gormmzdvjqrfuifjjtbrgpvhaexz/Build/Intermediates.noindex","dur":224,"args":{"subtitle":null,"target":{},"severity":"Success"}},
{"pid":"2","tid":1,"ts":1605026158407279,"ph":"X","name":"CreateBuildDirectory /Users/thiago/Library/Developer/Xcode/DerivedData/Foo-gormmzdvjqrfuifjjtbrgpvhaexz/Build/Products","dur":167,"args":{"subtitle":null,"target":{},"severity":"Success"}},
{"pid":"2","tid":0,"ts":1605026158407614,"ph":"X","name":"Create directory Pods_Foo.framework","dur":74,"args":{"subtitle":null,"target":{},"severity":"Success"}},
{"pid":"2","tid":1,"ts":1605026158407650,"ph":"X","name":"Create directory Foo.app","dur":66,"args":{"subtitle":null,"target":{},"severity":"Success"}},
{"pid":"2","tid":0,"ts":1605026158407737,"ph":"X","name":"Create directory Headers","dur":34,"args":{"subtitle":null,"target":{},"severity":"Success"}},
{"pid":"2","tid":0,"ts":1605026158407796,"ph":"X","name":"Write Pods_Foo-all-non-framework-target-headers.hmap","dur":1454,"args":{"subtitle":null,"target":{},"severity":"Success"}},
{"pid":"2","tid":1,"ts":1605026158407935,"ph":"X","name":"Write all-product-headers.yaml","dur":1348,"args":{"subtitle":null,"target":{},"severity":"Success"}},
{"pid":"2","tid":2,"ts":1605026158408177,"ph":"X","name":"Write Pods_Foo-generated-files.hmap","dur":1132,"args":{"subtitle":null,"target":{},"severity":"Success"}},
{"pid":"2","tid":3,"ts":1605026158408434,"ph":"X","name":"Write Pods_Foo.hmap","dur":904,"args":{"subtitle":null,"target":{},"severity":"Success"}},
{"pid":"2","tid":4,"ts":1605026158408666,"ph":"X","name":"Write Pods_Foo-own-target-headers.hmap","dur":700,"args":{"subtitle":null,"target":{},"severity":"Success"}},
{"pid":"2","tid":5,"ts":1605026158408875,"ph":"X","name":"Write Pods_Foo-project-headers.hmap","dur":597,"args":{"subtitle":null,"target":{},"severity":"Success"}},
{"pid":"2","tid":6,"ts":1605026158409093,"ph":"X","name":"Write Pods_Foo-all-target-headers.hmap","dur":401,"args":{"subtitle":null,"target":{},"severity":"Success"}},
{"pid":"2","tid":0,"ts":1605026158409721,"ph":"X","name":"Write module.modulemap","dur":461,"args":{"subtitle":null,"target":{},"severity":"Success"}},
{"pid":"2","tid":1,"ts":1605026158410078,"ph":"X","name":"Copy Pods-Foo-umbrella.h","dur":1004,"args":{"subtitle":null,"target":{},"severity":"Success"}},
{"pid":"2","tid":0,"ts":1605026158410380,"ph":"X","name":"Copy module.modulemap","dur":669,"args":{"subtitle":null,"target":{},"severity":"Success"}},
{"pid":"2","tid":0,"ts":1605026158411373,"ph":"X","name":"Write Pods_Foo_vers.c","dur":427,"args":{"subtitle":null,"target":{},"severity":"Success"}},
{"pid":"2","tid":0,"ts":1605026158411913,"ph":"X","name":"Write all-product-headers.yaml","dur":1537,"args":{"subtitle":null,"target":{},"severity":"Success"}},
{"pid":"2","tid":1,"ts":1605026158412160,"ph":"X","name":"Write Foo-own-target-headers.hmap","dur":1403,"args":{"subtitle":null,"target":{},"severity":"Success"}},
{"pid":"2","tid":2,"ts":1605026158412348,"ph":"X","name":"Write Foo-all-target-headers.hmap","dur":1238,"args":{"subtitle":null,"target":{},"severity":"Success"}},
{"pid":"2","tid":3,"ts":1605026158412575,"ph":"X","name":"Write Foo-project-headers.hmap","dur":1062,"args":{"subtitle":null,"target":{},"severity":"Success"}},
{"pid":"2","tid":4,"ts":1605026158412806,"ph":"X","name":"Write Foo-all-non-framework-target-headers.hmap","dur":877,"args":{"subtitle":null,"target":{},"severity":"Success"}},
{"pid":"2","tid":5,"ts":1605026158412986,"ph":"X","name":"Write Foo-generated-files.hmap","dur":677,"args":{"subtitle":null,"target":{},"severity":"Success"}},
{"pid":"2","tid":6,"ts":1605026158413221,"ph":"X","name":"Write Foo.hmap","dur":480,"args":{"subtitle":null,"target":{},"severity":"Success"}},
{"pid":"2","tid":0,"ts":1605026158414031,"ph":"X","name":"Write Foo.SwiftFileList (x86_64)","dur":468,"args":{"subtitle":null,"target":{},"severity":"Success"}},
{"pid":"2","tid":1,"ts":1605026158414222,"ph":"X","name":"Write Foo-OutputFileMap.json (x86_64)","dur":347,"args":{"subtitle":null,"target":{},"severity":"Success"}},
{"pid":"2","tid":0,"ts":1605026158415413,"ph":"X","name":"Compile Swift source files (x86_64)","dur":6099635,"args":{"subtitle":null,"target":{},"severity":"Success"}},
{"pid":"2","tid":1,"ts":1605026158425580,"ph":"X","name":"Compile ViewController.swift (x86_64)","dur":6087672,"args":{"subtitle":null,"target":{},"severity":"Success"}},
{"pid":"2","tid":2,"ts":1605026158426658,"ph":"X","name":"Compile AppDelegate.swift (x86_64)","dur":6087425,"args":{"subtitle":null,"target":{},"severity":"Success"}},
{"pid":"2","tid":3,"ts":1605026158427793,"ph":"X","name":"Compile SceneDelegate.swift (x86_64)","dur":6085652,"args":{"subtitle":null,"target":{},"severity":"Success"}},
{"pid":"2","tid":1,"ts":1605026164514901,"ph":"X","name":"Merge swiftmodule (x86_64)","dur":109,"args":{"subtitle":null,"target":{},"severity":"Success"}},
{"pid":"2","tid":0,"ts":1605026164515210,"ph":"X","name":"Copy Foo.swiftdoc (x86_64)","dur":1220,"args":{"subtitle":null,"target":{},"severity":"Success"}},
{"pid":"2","tid":1,"ts":1605026164515408,"ph":"X","name":"Copy Foo.swiftmodule (x86_64)","dur":1097,"args":{"subtitle":null,"target":{},"severity":"Success"}},
{"pid":"2","tid":2,"ts":1605026164515594,"ph":"X","name":"Copy Foo-Swift.h (x86_64)","dur":1085,"args":{"subtitle":null,"target":{},"severity":"Success"}},
{"pid":"2","tid":3,"ts":1605026164515795,"ph":"X","name":"Copy Foo.swiftmodule (x86_64)","dur":753,"args":{"subtitle":null,"target":{},"severity":"Success"}},
{"pid":"2","tid":4,"ts":1605026164515980,"ph":"X","name":"Copy Foo.swiftdoc (x86_64)","dur":825,"args":{"subtitle":null,"target":{},"severity":"Success"}},
{"pid":"2","tid":5,"ts":1605026164516160,"ph":"X","name":"Copy Foo.swiftsourceinfo (x86_64)","dur":582,"args":{"subtitle":null,"target":{},"severity":"Success"}},
{"pid":"2","tid":6,"ts":1605026164516345,"ph":"X","name":"Copy Foo.swiftsourceinfo (x86_64)","dur":479,"args":{"subtitle":null,"target":{},"severity":"Success"}},
{"pid":"2","tid":0,"ts":1605026185081529,"ph":"X","name":"Write Pods_Foo.LinkFileList (x86_64)","dur":2187,"args":{"subtitle":null,"target":{},"severity":"Success"}},
{"pid":"2","tid":1,"ts":1605026185082563,"ph":"X","name":"Compile Pods-Foo-dummy.m (x86_64)","dur":855565,"args":{"subtitle":null,"target":{},"severity":"Success"}},
{"pid":"2","tid":2,"ts":1605026185083538,"ph":"X","name":"Compile Pods_Foo_vers.c (x86_64)","dur":64649,"args":{"subtitle":null,"target":{},"severity":"Success"}},
{"pid":"2","tid":0,"ts":1605026185938305,"ph":"X","name":"Create static library Pods_Foo (x86_64)","dur":2880,"args":{"subtitle":null,"target":{},"severity":"Success"}},
{"pid":"2","tid":0,"ts":1605026185941880,"ph":"X","name":"Process Pods-Foo-Info.plist","dur":1397,"args":{"subtitle":null,"target":{},"severity":"Success"}},
{"pid":"2","tid":1,"ts":1605026185942325,"ph":"X","name":"Write Entitlements-Simulated.plist","dur":391,"args":{"subtitle":null,"target":{},"severity":"Success"}},
{"pid":"2","tid":2,"ts":1605026185942536,"ph":"X","name":"Write Entitlements.plist","dur":550,"args":{"subtitle":null,"target":{},"severity":"Success"}},
{"pid":"2","tid":1,"ts":1605026185942935,"ph":"X","name":"Process product packaging","dur":691,"args":{"subtitle":null,"target":{},"severity":"Success"}},
{"pid":"2","tid":0,"ts":1605026185943397,"ph":"X","name":"Process product packaging","dur":477,"args":{"subtitle":null,"target":{},"severity":"Success"}},
{"pid":"2","tid":1,"ts":1605026185943761,"ph":"X","name":"Sign Pods_Foo.framework","dur":14412,"args":{"subtitle":null,"target":{},"severity":"Success"}},
{"pid":"2","tid":0,"ts":1605026185958348,"ph":"X","name":"Register execution policy exception for Pods_Foo.framework","dur":5980,"args":{"subtitle":null,"target":{},"severity":"Success"}},
{"pid":"2","tid":0,"ts":1605026185964473,"ph":"X","name":"Touch Pods_Foo.framework","dur":1302,"args":{"subtitle":null,"target":{},"severity":"Success"}},
{"pid":"2","tid":0,"ts":1605026185966009,"ph":"X","name":"Write Script-83BF8263971C16E049688446.sh","dur":394,"args":{"subtitle":null,"target":{},"severity":"Success"}},
{"pid":"2","tid":0,"ts":1605026185966629,"ph":"X","name":"Run custom shell script '[CP] Check Pods Manifest.lock'","dur":220984,"args":{"subtitle":null,"target":{},"severity":"Success"}},
{"pid":"2","tid":0,"ts":1605026186188325,"ph":"X","name":"Write Foo.LinkFileList (x86_64)","dur":418,"args":{"subtitle":null,"target":{},"severity":"Success"}},
{"pid":"2","tid":0,"ts":1605026186189278,"ph":"X","name":"Link Foo (x86_64)","dur":202056,"args":{"subtitle":null,"target":{},"severity":"Success"}},
{"pid":"2","tid":0,"ts":1605026186393352,"ph":"X","name":"Compile asset catalogs","dur":11534,"args":{"subtitle":null,"target":{},"severity":"Success"}},
{"pid":"2","tid":1,"ts":1605026186393661,"ph":"X","name":"Compile Storyboard file LaunchScreen.storyboard","dur":233245,"args":{"subtitle":null,"target":{},"severity":"Success"}},
{"pid":"2","tid":2,"ts":1605026186393983,"ph":"X","name":"Compile Storyboard file Main.storyboard","dur":231874,"args":{"subtitle":null,"target":{},"severity":"Success"}},
{"pid":"2","tid":0,"ts":1605026186627279,"ph":"X","name":"Process Info.plist","dur":1580,"args":{"subtitle":null,"target":{},"severity":"Success"}},
{"pid":"2","tid":1,"ts":1605026186627678,"ph":"X","name":"Link Storyboards","dur":7756,"args":{"subtitle":null,"target":{},"severity":"Success"}},
{"pid":"2","tid":0,"ts":1605026186635962,"ph":"X","name":"Copy Swift standard libraries into Foo.app","dur":3935,"args":{"subtitle":null,"target":{},"severity":"Success"}},
{"pid":"2","tid":0,"ts":1605026186640198,"ph":"X","name":"Sign Foo.app","dur":34636,"args":{"subtitle":null,"target":{},"severity":"Success"}},
{"pid":"2","tid":0,"ts":1605026186675042,"ph":"X","name":"Register execution policy exception for Foo.app","dur":5880,"args":{"subtitle":null,"target":{},"severity":"Success"}},
{"pid":"2","tid":0,"ts":1605026186681187,"ph":"X","name":"Touch Foo.app","dur":1269,"args":{"subtitle":null,"target":{},"severity":"Success"}}
]}