{"traceEvents":[
{"pid":"2","tid":0,"ts":1668805920658738,"ph":"X","name":"Plan build","dur":6302,"args":{"subtitle":null,"target":{},"severity":"Success"}},
{"pid":"2","tid":0,"ts":1668805920666715,"ph":"X","name":"Create build description","dur":16657,"args":{"subtitle":null,"target":{},"severity":"Success"}},
{"pid":"2","tid":0,"ts":1668805920689769,"ph":"X","name":"Create build directory $(OBJROOT)","dur":309,"args":{"subtitle":null,"target":{},"severity":"Success"}},
{"pid":"2","tid":1,"ts":1668805920689929,"ph":"X","name":"Create build directory $(TARGET_BUILD_DIR)","dur":244,"args":{"subtitle":null,"target":{},"severity":"Success"}},
{"pid":"2","tid":0,"ts":1668805920691970,"ph":"X","name":"Create build directory $(TARGET_BUILD_DIR)/Debug","dur":434,"args":{"subtitle":null,"target":{},"severity":"Success"}},
{"pid":"2","tid":1,"ts":1668805920692348,"ph":"X","name":"Create build directory $(OBJROOT)/EagerLinkingTBDs","dur":72,"args":{"subtitle":null,"target":{},"severity":"Success"}},
{"pid":"2","tid":0,"ts":1668805920693076,"ph":"X","name":"Create directory xc14.1.app","dur":427,"args":{"subtitle":null,"target":{},"severity":"Success"}},
{"pid":"2","tid":1,"ts":1668805920693125,"ph":"X","name":"Create directory Contents","dur":394,"args":{"subtitle":null,"target":{},"severity":"Success"}},
{"pid":"2","tid":0,"ts":1668805920693526,"ph":"X","name":"Create directory Resources","dur":366,"args":{"subtitle":null,"target":{},"severity":"Success"}},
{"pid":"2","tid":1,"ts":1668805920693845,"ph":"X","name":"Create directory MacOS","dur":37,"args":{"subtitle":null,"target":{},"severity":"Success"}},
{"pid":"2","tid":0,"ts":1668805920693956,"ph":"X","name":"Validate development assets","dur":157,"args":{"subtitle":null,"target":{},"severity":"Success"}},
{"pid":"2","tid":0,"ts":1668805920694123,"ph":"X","name":"Write Entitlements.plist","dur":167,"args":{"subtitle":null,"target":{},"severity":"Success"}},
{"pid":"2","tid":0,"ts":1668805920694388,"ph":"X","name":"Process product packaging","dur":288,"args":{"subtitle":null,"target":{},"severity":"Success"}},
{"pid":"2","tid":0,"ts":1668805920694798,"ph":"X","name":"Generate DER entitlements","dur":3123,"args":{"subtitle":null,"target":{},"severity":"Success"}},
{"pid":"2","tid":0,"ts":1668805920698048,"ph":"X","name":"Write xc14.1-all-non-framework-target-headers.hmap","dur":918,"args":{"subtitle":null,"target":{},"severity":"Success"}},
{"pid":"2","tid":1,"ts":1668805920698228,"ph":"X","name":"Write all-product-headers.yaml","dur":800,"args":{"subtitle":null,"target":{},"severity":"Success"}},
{"pid":"2","tid":2,"ts":1668805920698359,"ph":"X","name":"Write xc14.1.hmap","dur":1245,"args":{"subtitle":null,"target":{},"severity":"Success"}},
{"pid":"2","tid":3,"ts":1668805920698680,"ph":"X","name":"Write xc14.1-project-headers.hmap","dur":939,"args":{"subtitle":null,"target":{},"severity":"Success"}},
{"pid":"2","tid":4,"ts":1668805920698722,"ph":"X","name":"Write xc14.1-own-target-headers.hmap","dur":905,"args":{"subtitle":null,"target":{},"severity":"Success"}},
{"pid":"2","tid":5,"ts":1668805920698773,"ph":"X","name":"Write xc14.1-all-target-headers.hmap","dur":862,"args":{"subtitle":null,"target":{},"severity":"Success"}},
{"pid":"2","tid":6,"ts":1668805920698881,"ph":"X","name":"Write xc14.1-generated-files.hmap","dur":760,"args":{"subtitle":null,"target":{},"severity":"Success"}},
{"pid":"2","tid":0,"ts":1668805920699648,"ph":"X","name":"Write empty-xc14.1.plist","dur":548,"args":{"subtitle":null,"target":{},"severity":"Success"}},
{"pid":"2","tid":1,"ts":1668805920699676,"ph":"X","name":"Write xc14.1.SwiftFileList (arm64)","dur":1081,"args":{"subtitle":null,"target":{},"severity":"Success"}},
{"pid":"2","tid":2,"ts":1668805920699704,"ph":"X","name":"Write xc14.1-OutputFileMap.json (arm64)","dur":505,"args":{"subtitle":null,"target":{},"severity":"Success"}},
{"pid":"2","tid":3,"ts":1668805920699846,"ph":"X","name":"Write xc14.1.LinkFileList (arm64)","dur":924,"args":{"subtitle":null,"target":{},"severity":"Success"}},
{"pid":"2","tid":4,"ts":1668805920700119,"ph":"X","name":"Compile asset catalogs","dur":1177861,"args":{"subtitle":null,"target":{},"severity":"Warning"}},
{"pid":"2","tid":0,"ts":1668805920702105,"ph":"X","name":"Planning target xc14_1 (arm64)","dur":58561,"args":{"subtitle":null,"target":{},"severity":"Success"}},
{"pid":"2","tid":0,"ts":1668805920763538,"ph":"X","name":"Emitting module for xc14_1","dur":236634,"args":{"subtitle":null,"target":{},"severity":"Success"}},
{"pid":"2","tid":1,"ts":1668805920763957,"ph":"X","name":"Compiling ContentView.swift","dur":265304,"args":{"subtitle":null,"target":{},"severity":"Success"}},
{"pid":"2","tid":2,"ts":1668805920764471,"ph":"X","name":"Compiling xc14_1App.swift","dur":215632,"args":{"subtitle":null,"target":{},"severity":"Success"}},
{"pid":"2","tid":3,"ts":1668805920780166,"ph":"X","name":"Compile ContentView.swift (arm64)","dur":247816,"args":{"subtitle":null,"target":{},"severity":"Success"}},
{"pid":"2","tid":5,"ts":1668805920780460,"ph":"X","name":"Compile xc14_1App.swift (arm64)","dur":198644,"args":{"subtitle":null,"target":{},"severity":"Success"}},
{"pid":"2","tid":2,"ts":1668805920980417,"ph":"X","name":"Discovering Swift tasks after 'Compiling xc14_1App.swift'","dur":206,"args":{"subtitle":null,"target":{},"severity":"Success"}},
{"pid":"2","tid":0,"ts":1668805921000735,"ph":"X","name":"Discovering Swift tasks after 'Emitting module for xc14_1'","dur":72,"args":{"subtitle":null,"target":{},"severity":"Success"}},
{"pid":"2","tid":0,"ts":1668805921000815,"ph":"X","name":"Unblock downstream dependents of xc14.1 (arm64)","dur":543,"args":{"subtitle":null,"target":{},"severity":"Success"}},
{"pid":"2","tid":0,"ts":1668805921002228,"ph":"X","name":"Merge Objective-C generated interface headers","dur":1230,"args":{"subtitle":null,"target":{},"severity":"Success"}},
{"pid":"2","tid":2,"ts":1668805921002634,"ph":"X","name":"Copy xc14_1.swiftdoc (arm64)","dur":1096,"args":{"subtitle":null,"target":{},"severity":"Success"}},
{"pid":"2","tid":5,"ts":1668805921002982,"ph":"X","name":"Copy xc14_1.swiftmodule (arm64)","dur":1138,"args":{"subtitle":null,"target":{},"severity":"Success"}},
{"pid":"2","tid":6,"ts":1668805921003299,"ph":"X","name":"Copy xc14_1.abi.json (arm64)","dur":841,"args":{"subtitle":null,"target":{},"severity":"Success"}},
{"pid":"2","tid":7,"ts":1668805921003391,"ph":"X","name":"Copy xc14_1.swiftsourceinfo (arm64)","dur":761,"args":{"subtitle":null,"target":{},"severity":"Success"}},
{"pid":"2","tid":0,"ts":1668805921029361,"ph":"X","name":"Discovering Swift tasks after 'Compiling ContentView.swift'","dur":571,"args":{"subtitle":null,"target":{},"severity":"Success"}},
{"pid":"2","tid":0,"ts":1668805921030385,"ph":"X","name":"Compile xc14.1 (arm64)","dur":221,"args":{"subtitle":null,"target":{},"severity":"Success"}},
{"pid":"2","tid":0,"ts":1668805921030941,"ph":"X","name":"Link xc14.1 (arm64)","dur":197664,"args":{"subtitle":null,"target":{},"severity":"Success"}},
{"pid":"2","tid":0,"ts":1668805921878216,"ph":"X","name":"Process empty-xc14.1.plist","dur":2355,"args":{"subtitle":null,"target":{},"severity":"Success"}},
{"pid":"2","tid":1,"ts":1668805921878394,"ph":"X","name":"Extract app intents metadata","dur":1001,"args":{"subtitle":null,"target":{},"severity":"Success"}},
{"pid":"2","tid":2,"ts":1668805921878702,"ph":"X","name":"Copy Swift standard libraries into xc14.1.app","dur":25399,"args":{"subtitle":null,"target":{},"severity":"Success"}},
{"pid":"2","tid":0,"ts":1668805921904317,"ph":"X","name":"Sign xc14.1.app","dur":12107,"args":{"subtitle":null,"target":{},"severity":"Success"}},
{"pid":"2","tid":0,"ts":1668805921916556,"ph":"X","name":"Register execution policy exception for xc14.1.app","dur":2352,"args":{"subtitle":null,"target":{},"severity":"Success"}},
{"pid":"2","tid":0,"ts":1668805921919026,"ph":"X","name":"Validate xc14.1.app","dur":371,"args":{"subtitle":null,"target":{},"severity":"Success"}},
{"pid":"2","tid":0,"ts":1668805921919631,"ph":"X","name":"Touch xc14.1.app","dur":1011,"args":{"subtitle":null,"target":{},"severity":"Success"}},
{"pid":"2","tid":1,"ts":1668805921919739,"ph":"X","name":"Register xc14.1.app","dur":24382,"args":{"subtitle":null,"target":{},"severity":"Success"}}
]}